<?xml version="1.0" encoding="UTF-8"?>
<!-- Generated by org.testng.reporters.JUnitReportReporter -->
<testsuite hostname="LAPTOP-Q8QTPS5R" failures="0" tests="8" name="testPackage.SunAndSandSports_WebTest" time="363.262" errors="0" timestamp="27 Jun 2021 19:39:11 GMT" skipped="1">
  <testcase classname="testPackage.SunAndSandSports_WebTest" name="launchBrowser" time="7.805"/>
  <testcase classname="testPackage.SunAndSandSports_WebTest" name="verifyAvailabilityOfITem" time="50.954"/>
  <testcase classname="testPackage.SunAndSandSports_WebTest" name="verifyCartGotUpdated" time="55.270"/>
  <testcase classname="testPackage.SunAndSandSports_WebTest" name="validationofItemsAdded" time="65.856"/>
  <testcase classname="testPackage.SunAndSandSports_WebTest" name="verifyCheckOutFunctionality" time="55.052"/>
  <testcase classname="testPackage.SunAndSandSports_WebTest" name="verifyContinueAsGuestFunctionalty" time="65.460"/>
  <testcase classname="testPackage.SunAndSandSports_WebTest" name="verifyEnteringCheckoutDetails" time="62.865"/>
  <testcase classname="testPackage.SunAndSandSports_WebTest" name="verifyAddToButtonColorChangeFunctionality">
    <skipped/>
  </testcase> <!-- verifyAddToButtonColorChangeFunctionality -->
</testsuite> <!-- testPackage.SunAndSandSports_WebTest -->
