<?xml version="1.0" encoding="UTF-8"?>
<!-- Generated by org.testng.reporters.JUnitReportReporter -->
<testsuite hostname="LAPTOP-Q8QTPS5R" failures="0" tests="1" name="TestPackage.YourLogo_MobileTest" time="41.220" errors="0" timestamp="05 Jun 2021 21:21:43 GMT" skipped="0">
  <testcase classname="TestPackage.YourLogo_MobileTest" name="login" time="41.220"/>
</testsuite> <!-- TestPackage.YourLogo_MobileTest -->
