<?xml version="1.0" encoding="UTF-8"?>
<!-- Generated by org.testng.reporters.JUnitReportReporter -->
<testsuite hostname="LAPTOP-Q8QTPS5R" failures="0" tests="1" name="TestPackage.YourLogo_MobileAppTest" time="43.881" errors="0" timestamp="06 Jun 2021 04:10:23 GMT" skipped="0">
  <testcase classname="TestPackage.YourLogo_MobileAppTest" name="login" time="43.881"/>
</testsuite> <!-- TestPackage.YourLogo_MobileAppTest -->
