<?xml version="1.0" encoding="UTF-8"?>
<!-- Generated by org.testng.reporters.JUnitReportReporter -->
<testsuite hostname="LAPTOP-Q8QTPS5R" failures="0" tests="8" name="TestPackage.webTestClass" time="257.753" errors="0" timestamp="14 Jun 2021 07:54:21 GMT" skipped="3">
  <testcase classname="TestPackage.webTestClass" name="verifyCartGotUpdated" time="48.352"/>
  <testcase classname="TestPackage.webTestClass" name="validationofItemsAdded" time="50.023"/>
  <testcase classname="TestPackage.webTestClass" name="verifyCheckOutFunctionality" time="51.168"/>
  <testcase classname="TestPackage.webTestClass" name="verifyContinueAsGuestFunctionalty" time="48.927"/>
  <testcase classname="TestPackage.webTestClass" name="verifyEnteringCheckoutDetails" time="59.283"/>
  <testcase classname="TestPackage.webTestClass" name="launchBrowser">
    <skipped/>
  </testcase> <!-- launchBrowser -->
  <testcase classname="TestPackage.webTestClass" name="verifyAvailabilityOfITem">
    <skipped/>
  </testcase> <!-- verifyAvailabilityOfITem -->
  <testcase classname="TestPackage.webTestClass" name="verifyAddToButtonColorChangeFunctionality">
    <skipped/>
  </testcase> <!-- verifyAddToButtonColorChangeFunctionality -->
</testsuite> <!-- TestPackage.webTestClass -->
