<?xml version="1.0" encoding="UTF-8"?>
<!-- Generated by org.testng.reporters.JUnitReportReporter -->
<testsuite hostname="LAPTOP-Q8QTPS5R" failures="0" tests="2" name="TestPackage.YourLogo_WebAppTest" time="32.800" errors="0" timestamp="13 Jun 2021 08:11:41 GMT" skipped="0">
  <testcase classname="TestPackage.YourLogo_WebAppTest" name="login" time="14.702"/>
  <testcase classname="TestPackage.YourLogo_WebAppTest" name="logout" time="18.098"/>
</testsuite> <!-- TestPackage.YourLogo_WebAppTest -->
