<?xml version="1.0" encoding="UTF-8"?>
<!-- Generated by org.testng.reporters.JUnitReportReporter -->
<testsuite hostname="LAPTOP-Q8QTPS5R" failures="0" tests="3" name="testPackage.SunAndSandSports_MobileTest" time="68.800" errors="0" timestamp="27 Jun 2021 23:35:53 GMT" skipped="0">
  <testcase classname="testPackage.SunAndSandSports_MobileTest" name="ValidLogin" time="22.157"/>
  <testcase classname="testPackage.SunAndSandSports_MobileTest" name="InvalidLogin" time="23.980"/>
  <testcase classname="testPackage.SunAndSandSports_MobileTest" name="VerifyAddToCartButtonFunctionality" time="22.663"/>
</testsuite> <!-- testPackage.SunAndSandSports_MobileTest -->
